<?xml version="1.0" encoding="UTF-8"?>
<Site BuildName="Win32-MSBuild"
	BuildStamp="20240504-0652-Experimental"
	Name="MSI_Evahn"
	Generator="ctest-3.29.2"
	CompilerName="C:/Program Files/Microsoft Visual Studio/2022/Community/VC/Tools/MSVC/14.38.33130/bin/Hostx86/x64/cl.exe"
	CompilerVersion="19.38.33134.0"
	OSName="Windows"
	Hostname="MSI_Evahn"
	OSRelease=" Personal"
	OSVersion=" (Build 22631)"
	OSPlatform="AMD64"
	Is64Bits="1"
	VendorString="GenuineIntel"
	VendorID="Intel Corporation"
	FamilyID="6"
	ModelID="10"
	ProcessorCacheSize="-1"
	NumberOfLogicalCPU="16"
	NumberOfPhysicalCPU="10"
	TotalVirtualMemory="43223"
	TotalPhysicalMemory="40663"
	LogicalProcessorsPerPhysical="1"
	ProcessorClockFrequency="2688"
	>
	<Testing>
		<StartDateTime>May 04 21:14 Tokyo</StartDateTime>
		<StartTestTime>1714824874</StartTestTime>
		<TestList/>
		<EndDateTime>May 04 21:14 Tokyo</EndDateTime>
		<EndTestTime>1714824874</EndTestTime>
		<ElapsedMinutes>0</ElapsedMinutes>
	</Testing>
</Site>
